The system is: Linux - 4.16.7-1-MANJARO - x86_64
Compiling the C compiler identification source file "CMakeCCompilerId.c" succeeded.
Compiler: /bin/clang 
Build flags: 
Id flags:  

The output was:
0


Compilation of the C compiler identification source "CMakeCCompilerId.c" produced "a.out"

The C compiler identification is Clang, found in "/home/mraggi/Dropbox/sources/Mathematics/ContestLibrary/ct-build/CMakeFiles/3.11.1/CompilerIdC/a.out"

Compiling the CXX compiler identification source file "CMakeCXXCompilerId.cpp" succeeded.
Compiler: /bin/clang++ 
Build flags: 
Id flags:  

The output was:
0


Compilation of the CXX compiler identification source "CMakeCXXCompilerId.cpp" produced "a.out"

The CXX compiler identification is Clang, found in "/home/mraggi/Dropbox/sources/Mathematics/ContestLibrary/ct-build/CMakeFiles/3.11.1/CompilerIdCXX/a.out"

Determining if the C compiler works passed with the following output:
Change Dir: /home/mraggi/Dropbox/sources/Mathematics/ContestLibrary/ct-build/CMakeFiles/CMakeTmp

Run Build Command:"/bin/make" "cmTC_7b91f/fast"
/bin/make -f CMakeFiles/cmTC_7b91f.dir/build.make CMakeFiles/cmTC_7b91f.dir/build
make[1]: Entering directory '/home/mraggi/Dropbox/sources/Mathematics/ContestLibrary/ct-build/CMakeFiles/CMakeTmp'
Building C object CMakeFiles/cmTC_7b91f.dir/testCCompiler.c.o
/bin/clang    -o CMakeFiles/cmTC_7b91f.dir/testCCompiler.c.o   -c /home/mraggi/Dropbox/sources/Mathematics/ContestLibrary/ct-build/CMakeFiles/CMakeTmp/testCCompiler.c
Linking C executable cmTC_7b91f
/usr/bin/cmake -E cmake_link_script CMakeFiles/cmTC_7b91f.dir/link.txt --verbose=1
/bin/clang      -rdynamic CMakeFiles/cmTC_7b91f.dir/testCCompiler.c.o  -o cmTC_7b91f 
make[1]: Leaving directory '/home/mraggi/Dropbox/sources/Mathematics/ContestLibrary/ct-build/CMakeFiles/CMakeTmp'


Detecting C compiler ABI info compiled with the following output:
Change Dir: /home/mraggi/Dropbox/sources/Mathematics/ContestLibrary/ct-build/CMakeFiles/CMakeTmp

Run Build Command:"/bin/make" "cmTC_432a5/fast"
/bin/make -f CMakeFiles/cmTC_432a5.dir/build.make CMakeFiles/cmTC_432a5.dir/build
make[1]: Entering directory '/home/mraggi/Dropbox/sources/Mathematics/ContestLibrary/ct-build/CMakeFiles/CMakeTmp'
Building C object CMakeFiles/cmTC_432a5.dir/CMakeCCompilerABI.c.o
/bin/clang    -o CMakeFiles/cmTC_432a5.dir/CMakeCCompilerABI.c.o   -c /usr/share/cmake-3.11/Modules/CMakeCCompilerABI.c
Linking C executable cmTC_432a5
/usr/bin/cmake -E cmake_link_script CMakeFiles/cmTC_432a5.dir/link.txt --verbose=1
/bin/clang     -v -rdynamic CMakeFiles/cmTC_432a5.dir/CMakeCCompilerABI.c.o  -o cmTC_432a5 
clang version 6.0.0 (tags/RELEASE_600/final)
Target: x86_64-pc-linux-gnu
Thread model: posix
InstalledDir: /bin
Found candidate GCC installation: /bin/../lib/gcc/x86_64-pc-linux-gnu/5.5.0
Found candidate GCC installation: /bin/../lib/gcc/x86_64-pc-linux-gnu/6.4.1
Found candidate GCC installation: /bin/../lib/gcc/x86_64-pc-linux-gnu/7.3.1
Found candidate GCC installation: /bin/../lib64/gcc/x86_64-pc-linux-gnu/5.5.0
Found candidate GCC installation: /bin/../lib64/gcc/x86_64-pc-linux-gnu/6.4.1
Found candidate GCC installation: /bin/../lib64/gcc/x86_64-pc-linux-gnu/7.3.1
Found candidate GCC installation: /usr/lib/gcc/x86_64-pc-linux-gnu/5.5.0
Found candidate GCC installation: /usr/lib/gcc/x86_64-pc-linux-gnu/6.4.1
Found candidate GCC installation: /usr/lib/gcc/x86_64-pc-linux-gnu/7.3.1
Found candidate GCC installation: /usr/lib64/gcc/x86_64-pc-linux-gnu/5.5.0
Found candidate GCC installation: /usr/lib64/gcc/x86_64-pc-linux-gnu/6.4.1
Found candidate GCC installation: /usr/lib64/gcc/x86_64-pc-linux-gnu/7.3.1
Selected GCC installation: /bin/../lib64/gcc/x86_64-pc-linux-gnu/7.3.1
Candidate multilib: .;@m64
Candidate multilib: 32;@m32
Selected multilib: .;@m64
 "/bin/ld" -pie -export-dynamic --eh-frame-hdr -m elf_x86_64 -export-dynamic -dynamic-linker /lib64/ld-linux-x86-64.so.2 -o cmTC_432a5 /bin/../lib64/gcc/x86_64-pc-linux-gnu/7.3.1/../../../../lib64/Scrt1.o /bin/../lib64/gcc/x86_64-pc-linux-gnu/7.3.1/../../../../lib64/crti.o /bin/../lib64/gcc/x86_64-pc-linux-gnu/7.3.1/crtbeginS.o -L/bin/../lib64/gcc/x86_64-pc-linux-gnu/7.3.1 -L/bin/../lib64/gcc/x86_64-pc-linux-gnu/7.3.1/../../../../lib64 -L/usr/bin/../lib64 -L/lib/../lib64 -L/usr/lib/../lib64 -L/bin/../lib64/gcc/x86_64-pc-linux-gnu/7.3.1/../../.. -L/usr/bin/../lib -L/lib -L/usr/lib CMakeFiles/cmTC_432a5.dir/CMakeCCompilerABI.c.o -lgcc --as-needed -lgcc_s --no-as-needed -lc -lgcc --as-needed -lgcc_s --no-as-needed /bin/../lib64/gcc/x86_64-pc-linux-gnu/7.3.1/crtendS.o /bin/../lib64/gcc/x86_64-pc-linux-gnu/7.3.1/../../../../lib64/crtn.o
make[1]: Leaving directory '/home/mraggi/Dropbox/sources/Mathematics/ContestLibrary/ct-build/CMakeFiles/CMakeTmp'


Parsed C implicit link information from above output:
  link line regex: [^( *|.*[/\])(ld|CMAKE_LINK_STARTFILE-NOTFOUND|([^/\]+-)?ld|collect2)[^/\]*( |$)]
  ignore line: [Change Dir: /home/mraggi/Dropbox/sources/Mathematics/ContestLibrary/ct-build/CMakeFiles/CMakeTmp]
  ignore line: []
  ignore line: [Run Build Command:"/bin/make" "cmTC_432a5/fast"]
  ignore line: [/bin/make -f CMakeFiles/cmTC_432a5.dir/build.make CMakeFiles/cmTC_432a5.dir/build]
  ignore line: [make[1]: Entering directory '/home/mraggi/Dropbox/sources/Mathematics/ContestLibrary/ct-build/CMakeFiles/CMakeTmp']
  ignore line: [Building C object CMakeFiles/cmTC_432a5.dir/CMakeCCompilerABI.c.o]
  ignore line: [/bin/clang    -o CMakeFiles/cmTC_432a5.dir/CMakeCCompilerABI.c.o   -c /usr/share/cmake-3.11/Modules/CMakeCCompilerABI.c]
  ignore line: [Linking C executable cmTC_432a5]
  ignore line: [/usr/bin/cmake -E cmake_link_script CMakeFiles/cmTC_432a5.dir/link.txt --verbose=1]
  ignore line: [/bin/clang     -v -rdynamic CMakeFiles/cmTC_432a5.dir/CMakeCCompilerABI.c.o  -o cmTC_432a5 ]
  ignore line: [clang version 6.0.0 (tags/RELEASE_600/final)]
  ignore line: [Target: x86_64-pc-linux-gnu]
  ignore line: [Thread model: posix]
  ignore line: [InstalledDir: /bin]
  ignore line: [Found candidate GCC installation: /bin/../lib/gcc/x86_64-pc-linux-gnu/5.5.0]
  ignore line: [Found candidate GCC installation: /bin/../lib/gcc/x86_64-pc-linux-gnu/6.4.1]
  ignore line: [Found candidate GCC installation: /bin/../lib/gcc/x86_64-pc-linux-gnu/7.3.1]
  ignore line: [Found candidate GCC installation: /bin/../lib64/gcc/x86_64-pc-linux-gnu/5.5.0]
  ignore line: [Found candidate GCC installation: /bin/../lib64/gcc/x86_64-pc-linux-gnu/6.4.1]
  ignore line: [Found candidate GCC installation: /bin/../lib64/gcc/x86_64-pc-linux-gnu/7.3.1]
  ignore line: [Found candidate GCC installation: /usr/lib/gcc/x86_64-pc-linux-gnu/5.5.0]
  ignore line: [Found candidate GCC installation: /usr/lib/gcc/x86_64-pc-linux-gnu/6.4.1]
  ignore line: [Found candidate GCC installation: /usr/lib/gcc/x86_64-pc-linux-gnu/7.3.1]
  ignore line: [Found candidate GCC installation: /usr/lib64/gcc/x86_64-pc-linux-gnu/5.5.0]
  ignore line: [Found candidate GCC installation: /usr/lib64/gcc/x86_64-pc-linux-gnu/6.4.1]
  ignore line: [Found candidate GCC installation: /usr/lib64/gcc/x86_64-pc-linux-gnu/7.3.1]
  ignore line: [Selected GCC installation: /bin/../lib64/gcc/x86_64-pc-linux-gnu/7.3.1]
  ignore line: [Candidate multilib: .]
  ignore line: [@m64]
  ignore line: [Candidate multilib: 32]
  ignore line: [@m32]
  ignore line: [Selected multilib: .]
  ignore line: [@m64]
  link line: [ "/bin/ld" -pie -export-dynamic --eh-frame-hdr -m elf_x86_64 -export-dynamic -dynamic-linker /lib64/ld-linux-x86-64.so.2 -o cmTC_432a5 /bin/../lib64/gcc/x86_64-pc-linux-gnu/7.3.1/../../../../lib64/Scrt1.o /bin/../lib64/gcc/x86_64-pc-linux-gnu/7.3.1/../../../../lib64/crti.o /bin/../lib64/gcc/x86_64-pc-linux-gnu/7.3.1/crtbeginS.o -L/bin/../lib64/gcc/x86_64-pc-linux-gnu/7.3.1 -L/bin/../lib64/gcc/x86_64-pc-linux-gnu/7.3.1/../../../../lib64 -L/usr/bin/../lib64 -L/lib/../lib64 -L/usr/lib/../lib64 -L/bin/../lib64/gcc/x86_64-pc-linux-gnu/7.3.1/../../.. -L/usr/bin/../lib -L/lib -L/usr/lib CMakeFiles/cmTC_432a5.dir/CMakeCCompilerABI.c.o -lgcc --as-needed -lgcc_s --no-as-needed -lc -lgcc --as-needed -lgcc_s --no-as-needed /bin/../lib64/gcc/x86_64-pc-linux-gnu/7.3.1/crtendS.o /bin/../lib64/gcc/x86_64-pc-linux-gnu/7.3.1/../../../../lib64/crtn.o]
    arg [/bin/ld] ==> ignore
    arg [-pie] ==> ignore
    arg [-export-dynamic] ==> ignore
    arg [--eh-frame-hdr] ==> ignore
    arg [-m] ==> ignore
    arg [elf_x86_64] ==> ignore
    arg [-export-dynamic] ==> ignore
    arg [-dynamic-linker] ==> ignore
    arg [/lib64/ld-linux-x86-64.so.2] ==> ignore
    arg [-o] ==> ignore
    arg [cmTC_432a5] ==> ignore
    arg [/bin/../lib64/gcc/x86_64-pc-linux-gnu/7.3.1/../../../../lib64/Scrt1.o] ==> ignore
    arg [/bin/../lib64/gcc/x86_64-pc-linux-gnu/7.3.1/../../../../lib64/crti.o] ==> ignore
    arg [/bin/../lib64/gcc/x86_64-pc-linux-gnu/7.3.1/crtbeginS.o] ==> ignore
    arg [-L/bin/../lib64/gcc/x86_64-pc-linux-gnu/7.3.1] ==> dir [/bin/../lib64/gcc/x86_64-pc-linux-gnu/7.3.1]
    arg [-L/bin/../lib64/gcc/x86_64-pc-linux-gnu/7.3.1/../../../../lib64] ==> dir [/bin/../lib64/gcc/x86_64-pc-linux-gnu/7.3.1/../../../../lib64]
    arg [-L/usr/bin/../lib64] ==> dir [/usr/bin/../lib64]
    arg [-L/lib/../lib64] ==> dir [/lib/../lib64]
    arg [-L/usr/lib/../lib64] ==> dir [/usr/lib/../lib64]
    arg [-L/bin/../lib64/gcc/x86_64-pc-linux-gnu/7.3.1/../../..] ==> dir [/bin/../lib64/gcc/x86_64-pc-linux-gnu/7.3.1/../../..]
    arg [-L/usr/bin/../lib] ==> dir [/usr/bin/../lib]
    arg [-L/lib] ==> dir [/lib]
    arg [-L/usr/lib] ==> dir [/usr/lib]
    arg [CMakeFiles/cmTC_432a5.dir/CMakeCCompilerABI.c.o] ==> ignore
    arg [-lgcc] ==> lib [gcc]
    arg [--as-needed] ==> ignore
    arg [-lgcc_s] ==> lib [gcc_s]
    arg [--no-as-needed] ==> ignore
    arg [-lc] ==> lib [c]
    arg [-lgcc] ==> lib [gcc]
    arg [--as-needed] ==> ignore
    arg [-lgcc_s] ==> lib [gcc_s]
    arg [--no-as-needed] ==> ignore
    arg [/bin/../lib64/gcc/x86_64-pc-linux-gnu/7.3.1/crtendS.o] ==> ignore
    arg [/bin/../lib64/gcc/x86_64-pc-linux-gnu/7.3.1/../../../../lib64/crtn.o] ==> ignore
  collapse library dir [/bin/../lib64/gcc/x86_64-pc-linux-gnu/7.3.1] ==> [/lib64/gcc/x86_64-pc-linux-gnu/7.3.1]
  collapse library dir [/bin/../lib64/gcc/x86_64-pc-linux-gnu/7.3.1/../../../../lib64] ==> [/lib64]
  collapse library dir [/usr/bin/../lib64] ==> [/usr/lib64]
  collapse library dir [/lib/../lib64] ==> [/lib64]
  collapse library dir [/usr/lib/../lib64] ==> [/usr/lib64]
  collapse library dir [/bin/../lib64/gcc/x86_64-pc-linux-gnu/7.3.1/../../..] ==> [/lib64]
  collapse library dir [/usr/bin/../lib] ==> [/usr/lib]
  collapse library dir [/lib] ==> [/lib]
  collapse library dir [/usr/lib] ==> [/usr/lib]
  implicit libs: [gcc;gcc_s;c;gcc;gcc_s]
  implicit dirs: [/lib64/gcc/x86_64-pc-linux-gnu/7.3.1;/lib64;/usr/lib64;/usr/lib;/lib]
  implicit fwks: []




Detecting C [-std=c11] compiler features compiled with the following output:
Change Dir: /home/mraggi/Dropbox/sources/Mathematics/ContestLibrary/ct-build/CMakeFiles/CMakeTmp

Run Build Command:"/bin/make" "cmTC_73ead/fast"
/bin/make -f CMakeFiles/cmTC_73ead.dir/build.make CMakeFiles/cmTC_73ead.dir/build
make[1]: Entering directory '/home/mraggi/Dropbox/sources/Mathematics/ContestLibrary/ct-build/CMakeFiles/CMakeTmp'
Building C object CMakeFiles/cmTC_73ead.dir/feature_tests.c.o
/bin/clang   -std=c11 -o CMakeFiles/cmTC_73ead.dir/feature_tests.c.o   -c /home/mraggi/Dropbox/sources/Mathematics/ContestLibrary/ct-build/CMakeFiles/feature_tests.c
Linking C executable cmTC_73ead
/usr/bin/cmake -E cmake_link_script CMakeFiles/cmTC_73ead.dir/link.txt --verbose=1
/bin/clang      -rdynamic CMakeFiles/cmTC_73ead.dir/feature_tests.c.o  -o cmTC_73ead 
make[1]: Leaving directory '/home/mraggi/Dropbox/sources/Mathematics/ContestLibrary/ct-build/CMakeFiles/CMakeTmp'


    Feature record: C_FEATURE:1c_function_prototypes
    Feature record: C_FEATURE:1c_restrict
    Feature record: C_FEATURE:1c_static_assert
    Feature record: C_FEATURE:1c_variadic_macros


Detecting C [-std=c99] compiler features compiled with the following output:
Change Dir: /home/mraggi/Dropbox/sources/Mathematics/ContestLibrary/ct-build/CMakeFiles/CMakeTmp

Run Build Command:"/bin/make" "cmTC_2ab7a/fast"
/bin/make -f CMakeFiles/cmTC_2ab7a.dir/build.make CMakeFiles/cmTC_2ab7a.dir/build
make[1]: Entering directory '/home/mraggi/Dropbox/sources/Mathematics/ContestLibrary/ct-build/CMakeFiles/CMakeTmp'
Building C object CMakeFiles/cmTC_2ab7a.dir/feature_tests.c.o
/bin/clang   -std=c99 -o CMakeFiles/cmTC_2ab7a.dir/feature_tests.c.o   -c /home/mraggi/Dropbox/sources/Mathematics/ContestLibrary/ct-build/CMakeFiles/feature_tests.c
Linking C executable cmTC_2ab7a
/usr/bin/cmake -E cmake_link_script CMakeFiles/cmTC_2ab7a.dir/link.txt --verbose=1
/bin/clang      -rdynamic CMakeFiles/cmTC_2ab7a.dir/feature_tests.c.o  -o cmTC_2ab7a 
make[1]: Leaving directory '/home/mraggi/Dropbox/sources/Mathematics/ContestLibrary/ct-build/CMakeFiles/CMakeTmp'


    Feature record: C_FEATURE:1c_function_prototypes
    Feature record: C_FEATURE:1c_restrict
    Feature record: C_FEATURE:0c_static_assert
    Feature record: C_FEATURE:1c_variadic_macros


Detecting C [-std=c90] compiler features compiled with the following output:
Change Dir: /home/mraggi/Dropbox/sources/Mathematics/ContestLibrary/ct-build/CMakeFiles/CMakeTmp

Run Build Command:"/bin/make" "cmTC_2b0b7/fast"
/bin/make -f CMakeFiles/cmTC_2b0b7.dir/build.make CMakeFiles/cmTC_2b0b7.dir/build
make[1]: Entering directory '/home/mraggi/Dropbox/sources/Mathematics/ContestLibrary/ct-build/CMakeFiles/CMakeTmp'
Building C object CMakeFiles/cmTC_2b0b7.dir/feature_tests.c.o
/bin/clang   -std=c90 -o CMakeFiles/cmTC_2b0b7.dir/feature_tests.c.o   -c /home/mraggi/Dropbox/sources/Mathematics/ContestLibrary/ct-build/CMakeFiles/feature_tests.c
Linking C executable cmTC_2b0b7
/usr/bin/cmake -E cmake_link_script CMakeFiles/cmTC_2b0b7.dir/link.txt --verbose=1
/bin/clang      -rdynamic CMakeFiles/cmTC_2b0b7.dir/feature_tests.c.o  -o cmTC_2b0b7 
make[1]: Leaving directory '/home/mraggi/Dropbox/sources/Mathematics/ContestLibrary/ct-build/CMakeFiles/CMakeTmp'


    Feature record: C_FEATURE:1c_function_prototypes
    Feature record: C_FEATURE:0c_restrict
    Feature record: C_FEATURE:0c_static_assert
    Feature record: C_FEATURE:0c_variadic_macros
Determining if the CXX compiler works passed with the following output:
Change Dir: /home/mraggi/Dropbox/sources/Mathematics/ContestLibrary/ct-build/CMakeFiles/CMakeTmp

Run Build Command:"/bin/make" "cmTC_eb019/fast"
/bin/make -f CMakeFiles/cmTC_eb019.dir/build.make CMakeFiles/cmTC_eb019.dir/build
make[1]: Entering directory '/home/mraggi/Dropbox/sources/Mathematics/ContestLibrary/ct-build/CMakeFiles/CMakeTmp'
Building CXX object CMakeFiles/cmTC_eb019.dir/testCXXCompiler.cxx.o
/bin/clang++     -o CMakeFiles/cmTC_eb019.dir/testCXXCompiler.cxx.o -c /home/mraggi/Dropbox/sources/Mathematics/ContestLibrary/ct-build/CMakeFiles/CMakeTmp/testCXXCompiler.cxx
Linking CXX executable cmTC_eb019
/usr/bin/cmake -E cmake_link_script CMakeFiles/cmTC_eb019.dir/link.txt --verbose=1
/bin/clang++       -rdynamic CMakeFiles/cmTC_eb019.dir/testCXXCompiler.cxx.o  -o cmTC_eb019 
make[1]: Leaving directory '/home/mraggi/Dropbox/sources/Mathematics/ContestLibrary/ct-build/CMakeFiles/CMakeTmp'


Detecting CXX compiler ABI info compiled with the following output:
Change Dir: /home/mraggi/Dropbox/sources/Mathematics/ContestLibrary/ct-build/CMakeFiles/CMakeTmp

Run Build Command:"/bin/make" "cmTC_5a857/fast"
/bin/make -f CMakeFiles/cmTC_5a857.dir/build.make CMakeFiles/cmTC_5a857.dir/build
make[1]: Entering directory '/home/mraggi/Dropbox/sources/Mathematics/ContestLibrary/ct-build/CMakeFiles/CMakeTmp'
Building CXX object CMakeFiles/cmTC_5a857.dir/CMakeCXXCompilerABI.cpp.o
/bin/clang++     -o CMakeFiles/cmTC_5a857.dir/CMakeCXXCompilerABI.cpp.o -c /usr/share/cmake-3.11/Modules/CMakeCXXCompilerABI.cpp
Linking CXX executable cmTC_5a857
/usr/bin/cmake -E cmake_link_script CMakeFiles/cmTC_5a857.dir/link.txt --verbose=1
/bin/clang++      -v -rdynamic CMakeFiles/cmTC_5a857.dir/CMakeCXXCompilerABI.cpp.o  -o cmTC_5a857 
clang version 6.0.0 (tags/RELEASE_600/final)
Target: x86_64-pc-linux-gnu
Thread model: posix
InstalledDir: /bin
Found candidate GCC installation: /bin/../lib/gcc/x86_64-pc-linux-gnu/5.5.0
Found candidate GCC installation: /bin/../lib/gcc/x86_64-pc-linux-gnu/6.4.1
Found candidate GCC installation: /bin/../lib/gcc/x86_64-pc-linux-gnu/7.3.1
Found candidate GCC installation: /bin/../lib64/gcc/x86_64-pc-linux-gnu/5.5.0
Found candidate GCC installation: /bin/../lib64/gcc/x86_64-pc-linux-gnu/6.4.1
Found candidate GCC installation: /bin/../lib64/gcc/x86_64-pc-linux-gnu/7.3.1
Found candidate GCC installation: /usr/lib/gcc/x86_64-pc-linux-gnu/5.5.0
Found candidate GCC installation: /usr/lib/gcc/x86_64-pc-linux-gnu/6.4.1
Found candidate GCC installation: /usr/lib/gcc/x86_64-pc-linux-gnu/7.3.1
Found candidate GCC installation: /usr/lib64/gcc/x86_64-pc-linux-gnu/5.5.0
Found candidate GCC installation: /usr/lib64/gcc/x86_64-pc-linux-gnu/6.4.1
Found candidate GCC installation: /usr/lib64/gcc/x86_64-pc-linux-gnu/7.3.1
Selected GCC installation: /bin/../lib64/gcc/x86_64-pc-linux-gnu/7.3.1
Candidate multilib: .;@m64
Candidate multilib: 32;@m32
Selected multilib: .;@m64
 "/bin/ld" -pie -export-dynamic --eh-frame-hdr -m elf_x86_64 -export-dynamic -dynamic-linker /lib64/ld-linux-x86-64.so.2 -o cmTC_5a857 /bin/../lib64/gcc/x86_64-pc-linux-gnu/7.3.1/../../../../lib64/Scrt1.o /bin/../lib64/gcc/x86_64-pc-linux-gnu/7.3.1/../../../../lib64/crti.o /bin/../lib64/gcc/x86_64-pc-linux-gnu/7.3.1/crtbeginS.o -L/bin/../lib64/gcc/x86_64-pc-linux-gnu/7.3.1 -L/bin/../lib64/gcc/x86_64-pc-linux-gnu/7.3.1/../../../../lib64 -L/usr/bin/../lib64 -L/lib/../lib64 -L/usr/lib/../lib64 -L/bin/../lib64/gcc/x86_64-pc-linux-gnu/7.3.1/../../.. -L/usr/bin/../lib -L/lib -L/usr/lib CMakeFiles/cmTC_5a857.dir/CMakeCXXCompilerABI.cpp.o -lstdc++ -lm -lgcc_s -lgcc -lc -lgcc_s -lgcc /bin/../lib64/gcc/x86_64-pc-linux-gnu/7.3.1/crtendS.o /bin/../lib64/gcc/x86_64-pc-linux-gnu/7.3.1/../../../../lib64/crtn.o
make[1]: Leaving directory '/home/mraggi/Dropbox/sources/Mathematics/ContestLibrary/ct-build/CMakeFiles/CMakeTmp'


Parsed CXX implicit link information from above output:
  link line regex: [^( *|.*[/\])(ld|CMAKE_LINK_STARTFILE-NOTFOUND|([^/\]+-)?ld|collect2)[^/\]*( |$)]
  ignore line: [Change Dir: /home/mraggi/Dropbox/sources/Mathematics/ContestLibrary/ct-build/CMakeFiles/CMakeTmp]
  ignore line: []
  ignore line: [Run Build Command:"/bin/make" "cmTC_5a857/fast"]
  ignore line: [/bin/make -f CMakeFiles/cmTC_5a857.dir/build.make CMakeFiles/cmTC_5a857.dir/build]
  ignore line: [make[1]: Entering directory '/home/mraggi/Dropbox/sources/Mathematics/ContestLibrary/ct-build/CMakeFiles/CMakeTmp']
  ignore line: [Building CXX object CMakeFiles/cmTC_5a857.dir/CMakeCXXCompilerABI.cpp.o]
  ignore line: [/bin/clang++     -o CMakeFiles/cmTC_5a857.dir/CMakeCXXCompilerABI.cpp.o -c /usr/share/cmake-3.11/Modules/CMakeCXXCompilerABI.cpp]
  ignore line: [Linking CXX executable cmTC_5a857]
  ignore line: [/usr/bin/cmake -E cmake_link_script CMakeFiles/cmTC_5a857.dir/link.txt --verbose=1]
  ignore line: [/bin/clang++      -v -rdynamic CMakeFiles/cmTC_5a857.dir/CMakeCXXCompilerABI.cpp.o  -o cmTC_5a857 ]
  ignore line: [clang version 6.0.0 (tags/RELEASE_600/final)]
  ignore line: [Target: x86_64-pc-linux-gnu]
  ignore line: [Thread model: posix]
  ignore line: [InstalledDir: /bin]
  ignore line: [Found candidate GCC installation: /bin/../lib/gcc/x86_64-pc-linux-gnu/5.5.0]
  ignore line: [Found candidate GCC installation: /bin/../lib/gcc/x86_64-pc-linux-gnu/6.4.1]
  ignore line: [Found candidate GCC installation: /bin/../lib/gcc/x86_64-pc-linux-gnu/7.3.1]
  ignore line: [Found candidate GCC installation: /bin/../lib64/gcc/x86_64-pc-linux-gnu/5.5.0]
  ignore line: [Found candidate GCC installation: /bin/../lib64/gcc/x86_64-pc-linux-gnu/6.4.1]
  ignore line: [Found candidate GCC installation: /bin/../lib64/gcc/x86_64-pc-linux-gnu/7.3.1]
  ignore line: [Found candidate GCC installation: /usr/lib/gcc/x86_64-pc-linux-gnu/5.5.0]
  ignore line: [Found candidate GCC installation: /usr/lib/gcc/x86_64-pc-linux-gnu/6.4.1]
  ignore line: [Found candidate GCC installation: /usr/lib/gcc/x86_64-pc-linux-gnu/7.3.1]
  ignore line: [Found candidate GCC installation: /usr/lib64/gcc/x86_64-pc-linux-gnu/5.5.0]
  ignore line: [Found candidate GCC installation: /usr/lib64/gcc/x86_64-pc-linux-gnu/6.4.1]
  ignore line: [Found candidate GCC installation: /usr/lib64/gcc/x86_64-pc-linux-gnu/7.3.1]
  ignore line: [Selected GCC installation: /bin/../lib64/gcc/x86_64-pc-linux-gnu/7.3.1]
  ignore line: [Candidate multilib: .]
  ignore line: [@m64]
  ignore line: [Candidate multilib: 32]
  ignore line: [@m32]
  ignore line: [Selected multilib: .]
  ignore line: [@m64]
  link line: [ "/bin/ld" -pie -export-dynamic --eh-frame-hdr -m elf_x86_64 -export-dynamic -dynamic-linker /lib64/ld-linux-x86-64.so.2 -o cmTC_5a857 /bin/../lib64/gcc/x86_64-pc-linux-gnu/7.3.1/../../../../lib64/Scrt1.o /bin/../lib64/gcc/x86_64-pc-linux-gnu/7.3.1/../../../../lib64/crti.o /bin/../lib64/gcc/x86_64-pc-linux-gnu/7.3.1/crtbeginS.o -L/bin/../lib64/gcc/x86_64-pc-linux-gnu/7.3.1 -L/bin/../lib64/gcc/x86_64-pc-linux-gnu/7.3.1/../../../../lib64 -L/usr/bin/../lib64 -L/lib/../lib64 -L/usr/lib/../lib64 -L/bin/../lib64/gcc/x86_64-pc-linux-gnu/7.3.1/../../.. -L/usr/bin/../lib -L/lib -L/usr/lib CMakeFiles/cmTC_5a857.dir/CMakeCXXCompilerABI.cpp.o -lstdc++ -lm -lgcc_s -lgcc -lc -lgcc_s -lgcc /bin/../lib64/gcc/x86_64-pc-linux-gnu/7.3.1/crtendS.o /bin/../lib64/gcc/x86_64-pc-linux-gnu/7.3.1/../../../../lib64/crtn.o]
    arg [/bin/ld] ==> ignore
    arg [-pie] ==> ignore
    arg [-export-dynamic] ==> ignore
    arg [--eh-frame-hdr] ==> ignore
    arg [-m] ==> ignore
    arg [elf_x86_64] ==> ignore
    arg [-export-dynamic] ==> ignore
    arg [-dynamic-linker] ==> ignore
    arg [/lib64/ld-linux-x86-64.so.2] ==> ignore
    arg [-o] ==> ignore
    arg [cmTC_5a857] ==> ignore
    arg [/bin/../lib64/gcc/x86_64-pc-linux-gnu/7.3.1/../../../../lib64/Scrt1.o] ==> ignore
    arg [/bin/../lib64/gcc/x86_64-pc-linux-gnu/7.3.1/../../../../lib64/crti.o] ==> ignore
    arg [/bin/../lib64/gcc/x86_64-pc-linux-gnu/7.3.1/crtbeginS.o] ==> ignore
    arg [-L/bin/../lib64/gcc/x86_64-pc-linux-gnu/7.3.1] ==> dir [/bin/../lib64/gcc/x86_64-pc-linux-gnu/7.3.1]
    arg [-L/bin/../lib64/gcc/x86_64-pc-linux-gnu/7.3.1/../../../../lib64] ==> dir [/bin/../lib64/gcc/x86_64-pc-linux-gnu/7.3.1/../../../../lib64]
    arg [-L/usr/bin/../lib64] ==> dir [/usr/bin/../lib64]
    arg [-L/lib/../lib64] ==> dir [/lib/../lib64]
    arg [-L/usr/lib/../lib64] ==> dir [/usr/lib/../lib64]
    arg [-L/bin/../lib64/gcc/x86_64-pc-linux-gnu/7.3.1/../../..] ==> dir [/bin/../lib64/gcc/x86_64-pc-linux-gnu/7.3.1/../../..]
    arg [-L/usr/bin/../lib] ==> dir [/usr/bin/../lib]
    arg [-L/lib] ==> dir [/lib]
    arg [-L/usr/lib] ==> dir [/usr/lib]
    arg [CMakeFiles/cmTC_5a857.dir/CMakeCXXCompilerABI.cpp.o] ==> ignore
    arg [-lstdc++] ==> lib [stdc++]
    arg [-lm] ==> lib [m]
    arg [-lgcc_s] ==> lib [gcc_s]
    arg [-lgcc] ==> lib [gcc]
    arg [-lc] ==> lib [c]
    arg [-lgcc_s] ==> lib [gcc_s]
    arg [-lgcc] ==> lib [gcc]
    arg [/bin/../lib64/gcc/x86_64-pc-linux-gnu/7.3.1/crtendS.o] ==> ignore
    arg [/bin/../lib64/gcc/x86_64-pc-linux-gnu/7.3.1/../../../../lib64/crtn.o] ==> ignore
  collapse library dir [/bin/../lib64/gcc/x86_64-pc-linux-gnu/7.3.1] ==> [/lib64/gcc/x86_64-pc-linux-gnu/7.3.1]
  collapse library dir [/bin/../lib64/gcc/x86_64-pc-linux-gnu/7.3.1/../../../../lib64] ==> [/lib64]
  collapse library dir [/usr/bin/../lib64] ==> [/usr/lib64]
  collapse library dir [/lib/../lib64] ==> [/lib64]
  collapse library dir [/usr/lib/../lib64] ==> [/usr/lib64]
  collapse library dir [/bin/../lib64/gcc/x86_64-pc-linux-gnu/7.3.1/../../..] ==> [/lib64]
  collapse library dir [/usr/bin/../lib] ==> [/usr/lib]
  collapse library dir [/lib] ==> [/lib]
  collapse library dir [/usr/lib] ==> [/usr/lib]
  implicit libs: [stdc++;m;gcc_s;gcc;c;gcc_s;gcc]
  implicit dirs: [/lib64/gcc/x86_64-pc-linux-gnu/7.3.1;/lib64;/usr/lib64;/usr/lib;/lib]
  implicit fwks: []




Detecting CXX [-std=c++1z] compiler features compiled with the following output:
Change Dir: /home/mraggi/Dropbox/sources/Mathematics/ContestLibrary/ct-build/CMakeFiles/CMakeTmp

Run Build Command:"/bin/make" "cmTC_de01c/fast"
/bin/make -f CMakeFiles/cmTC_de01c.dir/build.make CMakeFiles/cmTC_de01c.dir/build
make[1]: Entering directory '/home/mraggi/Dropbox/sources/Mathematics/ContestLibrary/ct-build/CMakeFiles/CMakeTmp'
Building CXX object CMakeFiles/cmTC_de01c.dir/feature_tests.cxx.o
/bin/clang++    -std=c++1z -o CMakeFiles/cmTC_de01c.dir/feature_tests.cxx.o -c /home/mraggi/Dropbox/sources/Mathematics/ContestLibrary/ct-build/CMakeFiles/feature_tests.cxx
Linking CXX executable cmTC_de01c
/usr/bin/cmake -E cmake_link_script CMakeFiles/cmTC_de01c.dir/link.txt --verbose=1
/bin/clang++       -rdynamic CMakeFiles/cmTC_de01c.dir/feature_tests.cxx.o  -o cmTC_de01c 
make[1]: Leaving directory '/home/mraggi/Dropbox/sources/Mathematics/ContestLibrary/ct-build/CMakeFiles/CMakeTmp'


    Feature record: CXX_FEATURE:1cxx_aggregate_default_initializers
    Feature record: CXX_FEATURE:1cxx_alias_templates
    Feature record: CXX_FEATURE:1cxx_alignas
    Feature record: CXX_FEATURE:1cxx_alignof
    Feature record: CXX_FEATURE:1cxx_attributes
    Feature record: CXX_FEATURE:1cxx_attribute_deprecated
    Feature record: CXX_FEATURE:1cxx_auto_type
    Feature record: CXX_FEATURE:1cxx_binary_literals
    Feature record: CXX_FEATURE:1cxx_constexpr
    Feature record: CXX_FEATURE:1cxx_contextual_conversions
    Feature record: CXX_FEATURE:1cxx_decltype
    Feature record: CXX_FEATURE:1cxx_decltype_auto
    Feature record: CXX_FEATURE:1cxx_decltype_incomplete_return_types
    Feature record: CXX_FEATURE:1cxx_default_function_template_args
    Feature record: CXX_FEATURE:1cxx_defaulted_functions
    Feature record: CXX_FEATURE:1cxx_defaulted_move_initializers
    Feature record: CXX_FEATURE:1cxx_delegating_constructors
    Feature record: CXX_FEATURE:1cxx_deleted_functions
    Feature record: CXX_FEATURE:1cxx_digit_separators
    Feature record: CXX_FEATURE:1cxx_enum_forward_declarations
    Feature record: CXX_FEATURE:1cxx_explicit_conversions
    Feature record: CXX_FEATURE:1cxx_extended_friend_declarations
    Feature record: CXX_FEATURE:1cxx_extern_templates
    Feature record: CXX_FEATURE:1cxx_final
    Feature record: CXX_FEATURE:1cxx_func_identifier
    Feature record: CXX_FEATURE:1cxx_generalized_initializers
    Feature record: CXX_FEATURE:1cxx_generic_lambdas
    Feature record: CXX_FEATURE:1cxx_inheriting_constructors
    Feature record: CXX_FEATURE:1cxx_inline_namespaces
    Feature record: CXX_FEATURE:1cxx_lambdas
    Feature record: CXX_FEATURE:1cxx_lambda_init_captures
    Feature record: CXX_FEATURE:1cxx_local_type_template_args
    Feature record: CXX_FEATURE:1cxx_long_long_type
    Feature record: CXX_FEATURE:1cxx_noexcept
    Feature record: CXX_FEATURE:1cxx_nonstatic_member_init
    Feature record: CXX_FEATURE:1cxx_nullptr
    Feature record: CXX_FEATURE:1cxx_override
    Feature record: CXX_FEATURE:1cxx_range_for
    Feature record: CXX_FEATURE:1cxx_raw_string_literals
    Feature record: CXX_FEATURE:1cxx_reference_qualified_functions
    Feature record: CXX_FEATURE:1cxx_relaxed_constexpr
    Feature record: CXX_FEATURE:1cxx_return_type_deduction
    Feature record: CXX_FEATURE:1cxx_right_angle_brackets
    Feature record: CXX_FEATURE:1cxx_rvalue_references
    Feature record: CXX_FEATURE:1cxx_sizeof_member
    Feature record: CXX_FEATURE:1cxx_static_assert
    Feature record: CXX_FEATURE:1cxx_strong_enums
    Feature record: CXX_FEATURE:1cxx_template_template_parameters
    Feature record: CXX_FEATURE:1cxx_thread_local
    Feature record: CXX_FEATURE:1cxx_trailing_return_types
    Feature record: CXX_FEATURE:1cxx_unicode_literals
    Feature record: CXX_FEATURE:1cxx_uniform_initialization
    Feature record: CXX_FEATURE:1cxx_unrestricted_unions
    Feature record: CXX_FEATURE:1cxx_user_literals
    Feature record: CXX_FEATURE:1cxx_variable_templates
    Feature record: CXX_FEATURE:1cxx_variadic_macros
    Feature record: CXX_FEATURE:1cxx_variadic_templates


Detecting CXX [-std=c++14] compiler features compiled with the following output:
Change Dir: /home/mraggi/Dropbox/sources/Mathematics/ContestLibrary/ct-build/CMakeFiles/CMakeTmp

Run Build Command:"/bin/make" "cmTC_94aef/fast"
/bin/make -f CMakeFiles/cmTC_94aef.dir/build.make CMakeFiles/cmTC_94aef.dir/build
make[1]: Entering directory '/home/mraggi/Dropbox/sources/Mathematics/ContestLibrary/ct-build/CMakeFiles/CMakeTmp'
Building CXX object CMakeFiles/cmTC_94aef.dir/feature_tests.cxx.o
/bin/clang++    -std=c++14 -o CMakeFiles/cmTC_94aef.dir/feature_tests.cxx.o -c /home/mraggi/Dropbox/sources/Mathematics/ContestLibrary/ct-build/CMakeFiles/feature_tests.cxx
Linking CXX executable cmTC_94aef
/usr/bin/cmake -E cmake_link_script CMakeFiles/cmTC_94aef.dir/link.txt --verbose=1
/bin/clang++       -rdynamic CMakeFiles/cmTC_94aef.dir/feature_tests.cxx.o  -o cmTC_94aef 
make[1]: Leaving directory '/home/mraggi/Dropbox/sources/Mathematics/ContestLibrary/ct-build/CMakeFiles/CMakeTmp'


    Feature record: CXX_FEATURE:1cxx_aggregate_default_initializers
    Feature record: CXX_FEATURE:1cxx_alias_templates
    Feature record: CXX_FEATURE:1cxx_alignas
    Feature record: CXX_FEATURE:1cxx_alignof
    Feature record: CXX_FEATURE:1cxx_attributes
    Feature record: CXX_FEATURE:1cxx_attribute_deprecated
    Feature record: CXX_FEATURE:1cxx_auto_type
    Feature record: CXX_FEATURE:1cxx_binary_literals
    Feature record: CXX_FEATURE:1cxx_constexpr
    Feature record: CXX_FEATURE:1cxx_contextual_conversions
    Feature record: CXX_FEATURE:1cxx_decltype
    Feature record: CXX_FEATURE:1cxx_decltype_auto
    Feature record: CXX_FEATURE:1cxx_decltype_incomplete_return_types
    Feature record: CXX_FEATURE:1cxx_default_function_template_args
    Feature record: CXX_FEATURE:1cxx_defaulted_functions
    Feature record: CXX_FEATURE:1cxx_defaulted_move_initializers
    Feature record: CXX_FEATURE:1cxx_delegating_constructors
    Feature record: CXX_FEATURE:1cxx_deleted_functions
    Feature record: CXX_FEATURE:1cxx_digit_separators
    Feature record: CXX_FEATURE:1cxx_enum_forward_declarations
    Feature record: CXX_FEATURE:1cxx_explicit_conversions
    Feature record: CXX_FEATURE:1cxx_extended_friend_declarations
    Feature record: CXX_FEATURE:1cxx_extern_templates
    Feature record: CXX_FEATURE:1cxx_final
    Feature record: CXX_FEATURE:1cxx_func_identifier
    Feature record: CXX_FEATURE:1cxx_generalized_initializers
    Feature record: CXX_FEATURE:1cxx_generic_lambdas
    Feature record: CXX_FEATURE:1cxx_inheriting_constructors
    Feature record: CXX_FEATURE:1cxx_inline_namespaces
    Feature record: CXX_FEATURE:1cxx_lambdas
    Feature record: CXX_FEATURE:1cxx_lambda_init_captures
    Feature record: CXX_FEATURE:1cxx_local_type_template_args
    Feature record: CXX_FEATURE:1cxx_long_long_type
    Feature record: CXX_FEATURE:1cxx_noexcept
    Feature record: CXX_FEATURE:1cxx_nonstatic_member_init
    Feature record: CXX_FEATURE:1cxx_nullptr
    Feature record: CXX_FEATURE:1cxx_override
    Feature record: CXX_FEATURE:1cxx_range_for
    Feature record: CXX_FEATURE:1cxx_raw_string_literals
    Feature record: CXX_FEATURE:1cxx_reference_qualified_functions
    Feature record: CXX_FEATURE:1cxx_relaxed_constexpr
    Feature record: CXX_FEATURE:1cxx_return_type_deduction
    Feature record: CXX_FEATURE:1cxx_right_angle_brackets
    Feature record: CXX_FEATURE:1cxx_rvalue_references
    Feature record: CXX_FEATURE:1cxx_sizeof_member
    Feature record: CXX_FEATURE:1cxx_static_assert
    Feature record: CXX_FEATURE:1cxx_strong_enums
    Feature record: CXX_FEATURE:1cxx_template_template_parameters
    Feature record: CXX_FEATURE:1cxx_thread_local
    Feature record: CXX_FEATURE:1cxx_trailing_return_types
    Feature record: CXX_FEATURE:1cxx_unicode_literals
    Feature record: CXX_FEATURE:1cxx_uniform_initialization
    Feature record: CXX_FEATURE:1cxx_unrestricted_unions
    Feature record: CXX_FEATURE:1cxx_user_literals
    Feature record: CXX_FEATURE:1cxx_variable_templates
    Feature record: CXX_FEATURE:1cxx_variadic_macros
    Feature record: CXX_FEATURE:1cxx_variadic_templates


Detecting CXX [-std=c++11] compiler features compiled with the following output:
Change Dir: /home/mraggi/Dropbox/sources/Mathematics/ContestLibrary/ct-build/CMakeFiles/CMakeTmp

Run Build Command:"/bin/make" "cmTC_66679/fast"
/bin/make -f CMakeFiles/cmTC_66679.dir/build.make CMakeFiles/cmTC_66679.dir/build
make[1]: Entering directory '/home/mraggi/Dropbox/sources/Mathematics/ContestLibrary/ct-build/CMakeFiles/CMakeTmp'
Building CXX object CMakeFiles/cmTC_66679.dir/feature_tests.cxx.o
/bin/clang++    -std=c++11 -o CMakeFiles/cmTC_66679.dir/feature_tests.cxx.o -c /home/mraggi/Dropbox/sources/Mathematics/ContestLibrary/ct-build/CMakeFiles/feature_tests.cxx
Linking CXX executable cmTC_66679
/usr/bin/cmake -E cmake_link_script CMakeFiles/cmTC_66679.dir/link.txt --verbose=1
/bin/clang++       -rdynamic CMakeFiles/cmTC_66679.dir/feature_tests.cxx.o  -o cmTC_66679 
make[1]: Leaving directory '/home/mraggi/Dropbox/sources/Mathematics/ContestLibrary/ct-build/CMakeFiles/CMakeTmp'


    Feature record: CXX_FEATURE:0cxx_aggregate_default_initializers
    Feature record: CXX_FEATURE:1cxx_alias_templates
    Feature record: CXX_FEATURE:1cxx_alignas
    Feature record: CXX_FEATURE:1cxx_alignof
    Feature record: CXX_FEATURE:1cxx_attributes
    Feature record: CXX_FEATURE:0cxx_attribute_deprecated
    Feature record: CXX_FEATURE:1cxx_auto_type
    Feature record: CXX_FEATURE:0cxx_binary_literals
    Feature record: CXX_FEATURE:1cxx_constexpr
    Feature record: CXX_FEATURE:0cxx_contextual_conversions
    Feature record: CXX_FEATURE:1cxx_decltype
    Feature record: CXX_FEATURE:0cxx_decltype_auto
    Feature record: CXX_FEATURE:1cxx_decltype_incomplete_return_types
    Feature record: CXX_FEATURE:1cxx_default_function_template_args
    Feature record: CXX_FEATURE:1cxx_defaulted_functions
    Feature record: CXX_FEATURE:1cxx_defaulted_move_initializers
    Feature record: CXX_FEATURE:1cxx_delegating_constructors
    Feature record: CXX_FEATURE:1cxx_deleted_functions
    Feature record: CXX_FEATURE:0cxx_digit_separators
    Feature record: CXX_FEATURE:1cxx_enum_forward_declarations
    Feature record: CXX_FEATURE:1cxx_explicit_conversions
    Feature record: CXX_FEATURE:1cxx_extended_friend_declarations
    Feature record: CXX_FEATURE:1cxx_extern_templates
    Feature record: CXX_FEATURE:1cxx_final
    Feature record: CXX_FEATURE:1cxx_func_identifier
    Feature record: CXX_FEATURE:1cxx_generalized_initializers
    Feature record: CXX_FEATURE:0cxx_generic_lambdas
    Feature record: CXX_FEATURE:1cxx_inheriting_constructors
    Feature record: CXX_FEATURE:1cxx_inline_namespaces
    Feature record: CXX_FEATURE:1cxx_lambdas
    Feature record: CXX_FEATURE:0cxx_lambda_init_captures
    Feature record: CXX_FEATURE:1cxx_local_type_template_args
    Feature record: CXX_FEATURE:1cxx_long_long_type
    Feature record: CXX_FEATURE:1cxx_noexcept
    Feature record: CXX_FEATURE:1cxx_nonstatic_member_init
    Feature record: CXX_FEATURE:1cxx_nullptr
    Feature record: CXX_FEATURE:1cxx_override
    Feature record: CXX_FEATURE:1cxx_range_for
    Feature record: CXX_FEATURE:1cxx_raw_string_literals
    Feature record: CXX_FEATURE:1cxx_reference_qualified_functions
    Feature record: CXX_FEATURE:0cxx_relaxed_constexpr
    Feature record: CXX_FEATURE:0cxx_return_type_deduction
    Feature record: CXX_FEATURE:1cxx_right_angle_brackets
    Feature record: CXX_FEATURE:1cxx_rvalue_references
    Feature record: CXX_FEATURE:1cxx_sizeof_member
    Feature record: CXX_FEATURE:1cxx_static_assert
    Feature record: CXX_FEATURE:1cxx_strong_enums
    Feature record: CXX_FEATURE:1cxx_template_template_parameters
    Feature record: CXX_FEATURE:1cxx_thread_local
    Feature record: CXX_FEATURE:1cxx_trailing_return_types
    Feature record: CXX_FEATURE:1cxx_unicode_literals
    Feature record: CXX_FEATURE:1cxx_uniform_initialization
    Feature record: CXX_FEATURE:1cxx_unrestricted_unions
    Feature record: CXX_FEATURE:1cxx_user_literals
    Feature record: CXX_FEATURE:0cxx_variable_templates
    Feature record: CXX_FEATURE:1cxx_variadic_macros
    Feature record: CXX_FEATURE:1cxx_variadic_templates


Detecting CXX [-std=c++98] compiler features compiled with the following output:
Change Dir: /home/mraggi/Dropbox/sources/Mathematics/ContestLibrary/ct-build/CMakeFiles/CMakeTmp

Run Build Command:"/bin/make" "cmTC_04720/fast"
/bin/make -f CMakeFiles/cmTC_04720.dir/build.make CMakeFiles/cmTC_04720.dir/build
make[1]: Entering directory '/home/mraggi/Dropbox/sources/Mathematics/ContestLibrary/ct-build/CMakeFiles/CMakeTmp'
Building CXX object CMakeFiles/cmTC_04720.dir/feature_tests.cxx.o
/bin/clang++    -std=c++98 -o CMakeFiles/cmTC_04720.dir/feature_tests.cxx.o -c /home/mraggi/Dropbox/sources/Mathematics/ContestLibrary/ct-build/CMakeFiles/feature_tests.cxx
Linking CXX executable cmTC_04720
/usr/bin/cmake -E cmake_link_script CMakeFiles/cmTC_04720.dir/link.txt --verbose=1
/bin/clang++       -rdynamic CMakeFiles/cmTC_04720.dir/feature_tests.cxx.o  -o cmTC_04720 
make[1]: Leaving directory '/home/mraggi/Dropbox/sources/Mathematics/ContestLibrary/ct-build/CMakeFiles/CMakeTmp'


    Feature record: CXX_FEATURE:0cxx_aggregate_default_initializers
    Feature record: CXX_FEATURE:0cxx_alias_templates
    Feature record: CXX_FEATURE:0cxx_alignas
    Feature record: CXX_FEATURE:0cxx_alignof
    Feature record: CXX_FEATURE:0cxx_attributes
    Feature record: CXX_FEATURE:0cxx_attribute_deprecated
    Feature record: CXX_FEATURE:0cxx_auto_type
    Feature record: CXX_FEATURE:0cxx_binary_literals
    Feature record: CXX_FEATURE:0cxx_constexpr
    Feature record: CXX_FEATURE:0cxx_contextual_conversions
    Feature record: CXX_FEATURE:0cxx_decltype
    Feature record: CXX_FEATURE:0cxx_decltype_auto
    Feature record: CXX_FEATURE:0cxx_decltype_incomplete_return_types
    Feature record: CXX_FEATURE:0cxx_default_function_template_args
    Feature record: CXX_FEATURE:0cxx_defaulted_functions
    Feature record: CXX_FEATURE:0cxx_defaulted_move_initializers
    Feature record: CXX_FEATURE:0cxx_delegating_constructors
    Feature record: CXX_FEATURE:0cxx_deleted_functions
    Feature record: CXX_FEATURE:0cxx_digit_separators
    Feature record: CXX_FEATURE:0cxx_enum_forward_declarations
    Feature record: CXX_FEATURE:0cxx_explicit_conversions
    Feature record: CXX_FEATURE:0cxx_extended_friend_declarations
    Feature record: CXX_FEATURE:0cxx_extern_templates
    Feature record: CXX_FEATURE:0cxx_final
    Feature record: CXX_FEATURE:0cxx_func_identifier
    Feature record: CXX_FEATURE:0cxx_generalized_initializers
    Feature record: CXX_FEATURE:0cxx_generic_lambdas
    Feature record: CXX_FEATURE:0cxx_inheriting_constructors
    Feature record: CXX_FEATURE:0cxx_inline_namespaces
    Feature record: CXX_FEATURE:0cxx_lambdas
    Feature record: CXX_FEATURE:0cxx_lambda_init_captures
    Feature record: CXX_FEATURE:0cxx_local_type_template_args
    Feature record: CXX_FEATURE:0cxx_long_long_type
    Feature record: CXX_FEATURE:0cxx_noexcept
    Feature record: CXX_FEATURE:0cxx_nonstatic_member_init
    Feature record: CXX_FEATURE:0cxx_nullptr
    Feature record: CXX_FEATURE:0cxx_override
    Feature record: CXX_FEATURE:0cxx_range_for
    Feature record: CXX_FEATURE:0cxx_raw_string_literals
    Feature record: CXX_FEATURE:0cxx_reference_qualified_functions
    Feature record: CXX_FEATURE:0cxx_relaxed_constexpr
    Feature record: CXX_FEATURE:0cxx_return_type_deduction
    Feature record: CXX_FEATURE:0cxx_right_angle_brackets
    Feature record: CXX_FEATURE:0cxx_rvalue_references
    Feature record: CXX_FEATURE:0cxx_sizeof_member
    Feature record: CXX_FEATURE:0cxx_static_assert
    Feature record: CXX_FEATURE:0cxx_strong_enums
    Feature record: CXX_FEATURE:1cxx_template_template_parameters
    Feature record: CXX_FEATURE:0cxx_thread_local
    Feature record: CXX_FEATURE:0cxx_trailing_return_types
    Feature record: CXX_FEATURE:0cxx_unicode_literals
    Feature record: CXX_FEATURE:0cxx_uniform_initialization
    Feature record: CXX_FEATURE:0cxx_unrestricted_unions
    Feature record: CXX_FEATURE:0cxx_user_literals
    Feature record: CXX_FEATURE:0cxx_variable_templates
    Feature record: CXX_FEATURE:0cxx_variadic_macros
    Feature record: CXX_FEATURE:0cxx_variadic_templates
