Determining if the pthread_create exist failed with the following output:
Change Dir: /home/mraggi/Dropbox/sources/Mathematics/ContestLibrary/build/CMakeFiles/CMakeTmp

Run Build Command:"/bin/make" "cmTC_85878/fast"
/bin/make -f CMakeFiles/cmTC_85878.dir/build.make CMakeFiles/cmTC_85878.dir/build
make[1]: Entering directory '/home/mraggi/Dropbox/sources/Mathematics/ContestLibrary/build/CMakeFiles/CMakeTmp'
Building C object CMakeFiles/cmTC_85878.dir/CheckSymbolExists.c.o
/bin/cc    -o CMakeFiles/cmTC_85878.dir/CheckSymbolExists.c.o   -c /home/mraggi/Dropbox/sources/Mathematics/ContestLibrary/build/CMakeFiles/CMakeTmp/CheckSymbolExists.c
Linking C executable cmTC_85878
/usr/bin/cmake -E cmake_link_script CMakeFiles/cmTC_85878.dir/link.txt --verbose=1
/bin/cc      -rdynamic CMakeFiles/cmTC_85878.dir/CheckSymbolExists.c.o  -o cmTC_85878 
CMakeFiles/cmTC_85878.dir/CheckSymbolExists.c.o: In function `main':
CheckSymbolExists.c:(.text+0x1b): undefined reference to `pthread_create'
collect2: error: ld returned 1 exit status
make[1]: *** [CMakeFiles/cmTC_85878.dir/build.make:87: cmTC_85878] Error 1
make[1]: Leaving directory '/home/mraggi/Dropbox/sources/Mathematics/ContestLibrary/build/CMakeFiles/CMakeTmp'
make: *** [Makefile:126: cmTC_85878/fast] Error 2

File /home/mraggi/Dropbox/sources/Mathematics/ContestLibrary/build/CMakeFiles/CMakeTmp/CheckSymbolExists.c:
/* */
#include <pthread.h>

int main(int argc, char** argv)
{
  (void)argv;
#ifndef pthread_create
  return ((int*)(&pthread_create))[argc];
#else
  (void)argc;
  return 0;
#endif
}

Determining if the function pthread_create exists in the pthreads failed with the following output:
Change Dir: /home/mraggi/Dropbox/sources/Mathematics/ContestLibrary/build/CMakeFiles/CMakeTmp

Run Build Command:"/bin/make" "cmTC_4089b/fast"
/bin/make -f CMakeFiles/cmTC_4089b.dir/build.make CMakeFiles/cmTC_4089b.dir/build
make[1]: Entering directory '/home/mraggi/Dropbox/sources/Mathematics/ContestLibrary/build/CMakeFiles/CMakeTmp'
Building C object CMakeFiles/cmTC_4089b.dir/CheckFunctionExists.c.o
/bin/cc   -DCHECK_FUNCTION_EXISTS=pthread_create   -o CMakeFiles/cmTC_4089b.dir/CheckFunctionExists.c.o   -c /usr/share/cmake-3.11/Modules/CheckFunctionExists.c
Linking C executable cmTC_4089b
/usr/bin/cmake -E cmake_link_script CMakeFiles/cmTC_4089b.dir/link.txt --verbose=1
/bin/cc  -DCHECK_FUNCTION_EXISTS=pthread_create    -rdynamic CMakeFiles/cmTC_4089b.dir/CheckFunctionExists.c.o  -o cmTC_4089b -lpthreads 
/bin/ld: cannot find -lpthreads
collect2: error: ld returned 1 exit status
make[1]: *** [CMakeFiles/cmTC_4089b.dir/build.make:87: cmTC_4089b] Error 1
make[1]: Leaving directory '/home/mraggi/Dropbox/sources/Mathematics/ContestLibrary/build/CMakeFiles/CMakeTmp'
make: *** [Makefile:126: cmTC_4089b/fast] Error 2


